<?xml version="1.0" encoding="UTF-8"?>
<!-- Generated by org.testng.reporters.JUnitXMLReporter -->
<testsuite ignored="5" hostname="BKPLaptop" failures="0" tests="1" name="Default test" time="3.486" errors="0" timestamp="2025-04-30T10:54:12 EDT">
  <testcase classname="tests.UserApiTest" name="createUserTest" time="3.164"/>
  <testcase classname="tests.UserApiTest" name="updateUserTest" time="0.0">
    <ignored/>
  </testcase> <!-- updateUserTest -->
  <testcase classname="tests.UserApiTest" name="deleteUserTest" time="0.0">
    <ignored/>
  </testcase> <!-- deleteUserTest -->
  <testcase classname="tests.UserApiTest" name="getUserTest" time="0.0">
    <ignored/>
  </testcase> <!-- getUserTest -->
  <testcase classname="tests.UserApiTest" name="patchUserTest" time="0.0">
    <ignored/>
  </testcase> <!-- patchUserTest -->
  <testcase classname="tests.UserApiTest" name="getUserWithQueryParamTest" time="0.0">
    <ignored/>
  </testcase> <!-- getUserWithQueryParamTest -->
</testsuite> <!-- Default test -->
