<?xml version="1.0" encoding="UTF-8"?>
<testng-results ignored="0" total="1" passed="1" failed="0" skipped="0">
  <reporter-output>
  </reporter-output>
  <suite started-at="2025-04-30T10:54:08 EDT" name="Default suite" finished-at="2025-04-30T10:54:12 EDT" duration-ms="3486">
    <groups>
    </groups>
    <test started-at="2025-04-30T10:54:08 EDT" name="Default test" finished-at="2025-04-30T10:54:12 EDT" duration-ms="3486">
      <class name="tests.UserApiTest">
        <test-method is-config="true" signature="setup()[pri:0, instance:tests.UserApiTest@131774fe]" started-at="2025-04-30T10:54:08 EDT" name="setup" finished-at="2025-04-30T10:54:09 EDT" duration-ms="291" status="PASS">
          <reporter-output>
          </reporter-output>
        </test-method> <!-- setup -->
        <test-method signature="createUserTest()[pri:1, instance:tests.UserApiTest@131774fe]" started-at="2025-04-30T10:54:09 EDT" name="createUserTest" finished-at="2025-04-30T10:54:12 EDT" duration-ms="3164" status="PASS">
          <reporter-output>
          </reporter-output>
        </test-method> <!-- createUserTest -->
      </class> <!-- tests.UserApiTest -->
    </test> <!-- Default test -->
  </suite> <!-- Default suite -->
</testng-results>
