<?xml version="1.0" encoding="UTF-8"?>
<!-- Generated by org.testng.reporters.JUnitReportReporter -->
<testsuite hostname="BKPLaptop" failures="0" tests="6" name="tests.UserApiTest" time="3.164" errors="0" timestamp="2025-04-30T10:54:12 EDT" skipped="5">
  <testcase classname="tests.UserApiTest" name="createUserTest" time="3.164"/>
  <testcase classname="tests.UserApiTest" name="updateUserTest">
    <skipped/>
  </testcase> <!-- updateUserTest -->
  <testcase classname="tests.UserApiTest" name="deleteUserTest">
    <skipped/>
  </testcase> <!-- deleteUserTest -->
  <testcase classname="tests.UserApiTest" name="getUserTest">
    <skipped/>
  </testcase> <!-- getUserTest -->
  <testcase classname="tests.UserApiTest" name="patchUserTest">
    <skipped/>
  </testcase> <!-- patchUserTest -->
  <testcase classname="tests.UserApiTest" name="getUserWithQueryParamTest">
    <skipped/>
  </testcase> <!-- getUserWithQueryParamTest -->
</testsuite> <!-- tests.UserApiTest -->
